# JRE version: Java(TM) SE Runtime Environment (8.0_74-b02) (build 1.8.0_74-b02)
# Java VM: Java HotSpot(TM) 64-Bit Server VM (25.74-b02 mixed mode windows-amd64 compressed oops)
Heap:
 def new generation   total 4992K, used 619K [0x00000000f0000000, 0x00000000f0560000, 0x00000000f5550000)
  eden space 4480K,  13% used [0x00000000f0000000, 0x00000000f009aca8, 0x00000000f0460000)
  from space 512K,   0% used [0x00000000f0460000, 0x00000000f0460000, 0x00000000f04e0000)
  to   space 512K,   0% used [0x00000000f04e0000, 0x00000000f04e0000, 0x00000000f0560000)
 tenured generation   total 10944K, used 1901K [0x00000000f5550000, 0x00000000f6000000, 0x0000000100000000)
   the space 10944K,  17% used [0x00000000f5550000, 0x00000000f572b6c8, 0x00000000f572b800, 0x00000000f6000000)
 Metaspace       used 7085K, capacity 7156K, committed 7296K, reserved 1058816K
  class space    used 849K, capacity 880K, committed 896K, reserved 1048576K
GC Heap History (10 events):
Event: 0.485 GC heap before
{Heap before GC invocations=2 (full 0):
 def new generation   total 4928K, used 4424K [0x00000000f0000000, 0x00000000f0550000, 0x00000000f5550000)
  eden space 4416K,  99% used [0x00000000f0000000, 0x00000000f044a388, 0x00000000f0450000)
  from space 512K,   6% used [0x00000000f0450000, 0x00000000f0457eb0, 0x00000000f04d0000)
  to   space 512K,   0% used [0x00000000f04d0000, 0x00000000f04d0000, 0x00000000f0550000)
 tenured generation   total 10944K, used 558K [0x00000000f5550000, 0x00000000f6000000, 0x0000000100000000)
   the space 10944K,   5% used [0x00000000f5550000, 0x00000000f55db960, 0x00000000f55dba00, 0x00000000f6000000)
 Metaspace       used 2774K, capacity 4486K, committed 4864K, reserved 1056768K
  class space    used 301K, capacity 386K, committed 512K, reserved 1048576K
Event: 0.486 GC heap after
Heap after GC invocations=3 (full 0):
 def new generation   total 4928K, used 39K [0x00000000f0000000, 0x00000000f0550000, 0x00000000f5550000)
  eden space 4416K,   0% used [0x00000000f0000000, 0x00000000f0000000, 0x00000000f0450000)
  from space 512K,   7% used [0x00000000f04d0000, 0x00000000f04d9f98, 0x00000000f0550000)
  to   space 512K,   0% used [0x00000000f0450000, 0x00000000f0450000, 0x00000000f04d0000)
 tenured generation   total 10944K, used 558K [0x00000000f5550000, 0x00000000f6000000, 0x0000000100000000)
   the space 10944K,   5% used [0x00000000f5550000, 0x00000000f55db960, 0x00000000f55dba00, 0x00000000f6000000)
 Metaspace       used 2774K, capacity 4486K, committed 4864K, reserved 1056768K
  class space    used 301K, capacity 386K, committed 512K, reserved 1048576K
}
Event: 0.642 GC heap before
{Heap before GC invocations=3 (full 0):
 def new generation   total 4928K, used 4455K [0x00000000f0000000, 0x00000000f0550000, 0x00000000f5550000)
  eden space 4416K, 100% used [0x00000000f0000000, 0x00000000f0450000, 0x00000000f0450000)
  from space 512K,   7% used [0x00000000f04d0000, 0x00000000f04d9f98, 0x00000000f0550000)
  to   space 512K,   0% used [0x00000000f0450000, 0x00000000f0450000, 0x00000000f04d0000)
 tenured generation   total 10944K, used 558K [0x00000000f5550000, 0x00000000f6000000, 0x0000000100000000)
   the space 10944K,   5% used [0x00000000f5550000, 0x00000000f55db960, 0x00000000f55dba00, 0x00000000f6000000)
 Metaspace       used 3225K, capacity 4844K, committed 5120K, reserved 1056768K
  class space    used 337K, capacity 424K, committed 512K, reserved 1048576K
Event: 0.643 GC heap after
Heap after GC invocations=4 (full 0):
 def new generation   total 4928K, used 483K [0x00000000f0000000, 0x00000000f0550000, 0x00000000f5550000)
  eden space 4416K,   0% used [0x00000000f0000000, 0x00000000f0000000, 0x00000000f0450000)
  from space 512K,  94% used [0x00000000f0450000, 0x00000000f04c8c88, 0x00000000f04d0000)
  to   space 512K,   0% used [0x00000000f04d0000, 0x00000000f04d0000, 0x00000000f0550000)
 tenured generation   total 10944K, used 558K [0x00000000f5550000, 0x00000000f6000000, 0x0000000100000000)
   the space 10944K,   5% used [0x00000000f5550000, 0x00000000f55db960, 0x00000000f55dba00, 0x00000000f6000000)
 Metaspace       used 3225K, capacity 4844K, committed 5120K, reserved 1056768K
  class space    used 337K, capacity 424K, committed 512K, reserved 1048576K
}
Event: 0.980 GC heap before
{Heap before GC invocations=4 (full 0):
 def new generation   total 4928K, used 4899K [0x00000000f0000000, 0x00000000f0550000, 0x00000000f5550000)
  eden space 4416K, 100% used [0x00000000f0000000, 0x00000000f0450000, 0x00000000f0450000)
  from space 512K,  94% used [0x00000000f0450000, 0x00000000f04c8c88, 0x00000000f04d0000)
  to   space 512K,   0% used [0x00000000f04d0000, 0x00000000f04d0000, 0x00000000f0550000)
 tenured generation   total 10944K, used 558K [0x00000000f5550000, 0x00000000f6000000, 0x0000000100000000)
   the space 10944K,   5% used [0x00000000f5550000, 0x00000000f55db960, 0x00000000f55dba00, 0x00000000f6000000)
 Metaspace       used 4529K, capacity 5548K, committed 5760K, reserved 1056768K
  class space    used 502K, capacity 552K, committed 640K, reserved 1048576K
Event: 0.982 GC heap after
Heap after GC invocations=5 (full 0):
 def new generation   total 4928K, used 511K [0x00000000f0000000, 0x00000000f0550000, 0x00000000f5550000)
  eden space 4416K,   0% used [0x00000000f0000000, 0x00000000f0000000, 0x00000000f0450000)
  from space 512K,  99% used [0x00000000f04d0000, 0x00000000f054fff8, 0x00000000f0550000)
  to   space 512K,   0% used [0x00000000f0450000, 0x00000000f0450000, 0x00000000f04d0000)
 tenured generation   total 10944K, used 881K [0x00000000f5550000, 0x00000000f6000000, 0x0000000100000000)
   the space 10944K,   8% used [0x00000000f5550000, 0x00000000f562c610, 0x00000000f562c800, 0x00000000f6000000)
 Metaspace       used 4529K, capacity 5548K, committed 5760K, reserved 1056768K
  class space    used 502K, capacity 552K, committed 640K, reserved 1048576K
}
Event: 1.527 GC heap before
{Heap before GC invocations=5 (full 0):
 def new generation   total 4928K, used 4927K [0x00000000f0000000, 0x00000000f0550000, 0x00000000f5550000)
  eden space 4416K, 100% used [0x00000000f0000000, 0x00000000f0450000, 0x00000000f0450000)
  from space 512K,  99% used [0x00000000f04d0000, 0x00000000f054fff8, 0x00000000f0550000)
  to   space 512K,   0% used [0x00000000f0450000, 0x00000000f0450000, 0x00000000f04d0000)
 tenured generation   total 10944K, used 881K [0x00000000f5550000, 0x00000000f6000000, 0x0000000100000000)
   the space 10944K,   8% used [0x00000000f5550000, 0x00000000f562c610, 0x00000000f562c800, 0x00000000f6000000)
 Metaspace       used 5764K, capacity 6100K, committed 6400K, reserved 1056768K
  class space    used 689K, capacity 720K, committed 768K, reserved 1048576K
Event: 1.530 GC heap after
Heap after GC invocations=6 (full 0):
 def new generation   total 4928K, used 512K [0x00000000f0000000, 0x00000000f0550000, 0x00000000f5550000)
  eden space 4416K,   0% used [0x00000000f0000000, 0x00000000f0000000, 0x00000000f0450000)
  from space 512K, 100% used [0x00000000f0450000, 0x00000000f04d0000, 0x00000000f04d0000)
  to   space 512K,   0% used [0x00000000f04d0000, 0x00000000f04d0000, 0x00000000f0550000)
 tenured generation   total 10944K, used 1367K [0x00000000f5550000, 0x00000000f6000000, 0x0000000100000000)
   the space 10944K,  12% used [0x00000000f5550000, 0x00000000f56a5cd0, 0x00000000f56a5e00, 0x00000000f6000000)
 Metaspace       used 5764K, capacity 6100K, committed 6400K, reserved 1056768K
  class space    used 689K, capacity 720K, committed 768K, reserved 1048576K
}
Event: 2.041 GC heap before
{Heap before GC invocations=6 (full 0):
 def new generation   total 4928K, used 3365K [0x00000000f0000000, 0x00000000f0550000, 0x00000000f5550000)
  eden space 4416K,  64% used [0x00000000f0000000, 0x00000000f02c9428, 0x00000000f0450000)
  from space 512K, 100% used [0x00000000f0450000, 0x00000000f04d0000, 0x00000000f04d0000)
  to   space 512K,   0% used [0x00000000f04d0000, 0x00000000f04d0000, 0x00000000f0550000)
 tenured generation   total 10944K, used 1367K [0x00000000f5550000, 0x00000000f6000000, 0x0000000100000000)
   the space 10944K,  12% used [0x00000000f5550000, 0x00000000f56a5cd0, 0x00000000f56a5e00, 0x00000000f6000000)
 Metaspace       used 6849K, capacity 6932K, committed 7040K, reserved 1060864K
  class space    used 809K, capacity 848K, committed 896K, reserved 1048576K
Event: 2.052 GC heap after
Heap after GC invocations=7 (full 1):
 def new generation   total 4992K, used 0K [0x00000000f0000000, 0x00000000f0560000, 0x00000000f5550000)
  eden space 4480K,   0% used [0x00000000f0000000, 0x00000000f0000000, 0x00000000f0460000)
  from space 512K,   0% used [0x00000000f0460000, 0x00000000f0460000, 0x00000000f04e0000)
  to   space 512K,   0% used [0x00000000f04e0000, 0x00000000f04e0000, 0x00000000f0560000)
 tenured generation   total 10944K, used 1901K [0x00000000f5550000, 0x00000000f6000000, 0x0000000100000000)
   the space 10944K,  17% used [0x00000000f5550000, 0x00000000f572b6c8, 0x00000000f572b800, 0x00000000f6000000)
 Metaspace       used 6849K, capacity 6932K, committed 7040K, reserved 1058816K
  class space    used 809K, capacity 848K, committed 896K, reserved 1048576K
}

