# JRE version: Java(TM) SE Runtime Environment (8.0_74-b02) (build 1.8.0_74-b02)
# Java VM: Java HotSpot(TM) 64-Bit Server VM (25.74-b02 mixed mode windows-amd64 compressed oops)
Heap:
 def new generation   total 6336K, used 2436K [0x00000000f0000000, 0x00000000f06e0000, 0x00000000f5550000)
  eden space 5632K,  30% used [0x00000000f0000000, 0x00000000f01b12e0, 0x00000000f0580000)
  from space 704K,  99% used [0x00000000f0580000, 0x00000000f062fea8, 0x00000000f0630000)
  to   space 704K,   0% used [0x00000000f0630000, 0x00000000f0630000, 0x00000000f06e0000)
 tenured generation   total 13964K, used 8663K [0x00000000f5550000, 0x00000000f62f3000, 0x0000000100000000)
   the space 13964K,  62% used [0x00000000f5550000, 0x00000000f5dc5e40, 0x00000000f5dc6000, 0x00000000f62f3000)
 Metaspace       used 6545K, capacity 6564K, committed 6784K, reserved 1056768K
  class space    used 768K, capacity 784K, committed 896K, reserved 1048576K
GC Heap History (10 events):
Event: 1.079 GC heap before
{Heap before GC invocations=2 (full 1):
 def new generation   total 5120K, used 4184K [0x00000000f0000000, 0x00000000f0580000, 0x00000000f5550000)
  eden space 4608K,  79% used [0x00000000f0000000, 0x00000000f03960d0, 0x00000000f0480000)
  from space 512K, 100% used [0x00000000f0500000, 0x00000000f0580000, 0x00000000f0580000)
  to   space 512K,   0% used [0x00000000f0480000, 0x00000000f0480000, 0x00000000f0500000)
 tenured generation   total 11208K, used 8315K [0x00000000f5550000, 0x00000000f6042000, 0x0000000100000000)
   the space 11208K,  74% used [0x00000000f5550000, 0x00000000f5d6ee78, 0x00000000f5d6f000, 0x00000000f6042000)
 Metaspace       used 4378K, capacity 5120K, committed 5376K, reserved 1056768K
  class space    used 475K, capacity 496K, committed 512K, reserved 1048576K
Event: 1.087 GC heap after
Heap after GC invocations=3 (full 2):
 def new generation   total 6336K, used 0K [0x00000000f0000000, 0x00000000f06e0000, 0x00000000f5550000)
  eden space 5632K,   0% used [0x00000000f0000000, 0x00000000f0000000, 0x00000000f0580000)
  from space 704K,   0% used [0x00000000f0580000, 0x00000000f0580000, 0x00000000f0630000)
  to   space 704K,   0% used [0x00000000f0630000, 0x00000000f0630000, 0x00000000f06e0000)
 tenured generation   total 13964K, used 8377K [0x00000000f5550000, 0x00000000f62f3000, 0x0000000100000000)
   the space 13964K,  59% used [0x00000000f5550000, 0x00000000f5d7e710, 0x00000000f5d7e800, 0x00000000f62f3000)
 Metaspace       used 4378K, capacity 5120K, committed 5376K, reserved 1056768K
  class space    used 475K, capacity 496K, committed 512K, reserved 1048576K
}
Event: 1.114 GC heap before
{Heap before GC invocations=3 (full 2):
 def new generation   total 6336K, used 5620K [0x00000000f0000000, 0x00000000f06e0000, 0x00000000f5550000)
  eden space 5632K,  99% used [0x00000000f0000000, 0x00000000f057d080, 0x00000000f0580000)
  from space 704K,   0% used [0x00000000f0580000, 0x00000000f0580000, 0x00000000f0630000)
  to   space 704K,   0% used [0x00000000f0630000, 0x00000000f0630000, 0x00000000f06e0000)
 tenured generation   total 13964K, used 8377K [0x00000000f5550000, 0x00000000f62f3000, 0x0000000100000000)
   the space 13964K,  59% used [0x00000000f5550000, 0x00000000f5d7e710, 0x00000000f5d7e800, 0x00000000f62f3000)
 Metaspace       used 4541K, capacity 5152K, committed 5504K, reserved 1056768K
  class space    used 494K, capacity 528K, committed 640K, reserved 1048576K
Event: 1.117 GC heap after
Heap after GC invocations=4 (full 2):
 def new generation   total 6336K, used 143K [0x00000000f0000000, 0x00000000f06e0000, 0x00000000f5550000)
  eden space 5632K,   0% used [0x00000000f0000000, 0x00000000f0000000, 0x00000000f0580000)
  from space 704K,  20% used [0x00000000f0630000, 0x00000000f0653ca0, 0x00000000f06e0000)
  to   space 704K,   0% used [0x00000000f0580000, 0x00000000f0580000, 0x00000000f0630000)
 tenured generation   total 13964K, used 8377K [0x00000000f5550000, 0x00000000f62f3000, 0x0000000100000000)
   the space 13964K,  59% used [0x00000000f5550000, 0x00000000f5d7e710, 0x00000000f5d7e800, 0x00000000f62f3000)
 Metaspace       used 4541K, capacity 5152K, committed 5504K, reserved 1056768K
  class space    used 494K, capacity 528K, committed 640K, reserved 1048576K
}
Event: 1.120 GC heap before
{Heap before GC invocations=4 (full 2):
 def new generation   total 6336K, used 5738K [0x00000000f0000000, 0x00000000f06e0000, 0x00000000f5550000)
  eden space 5632K,  99% used [0x00000000f0000000, 0x00000000f0576c88, 0x00000000f0580000)
  from space 704K,  20% used [0x00000000f0630000, 0x00000000f0653ca0, 0x00000000f06e0000)
  to   space 704K,   0% used [0x00000000f0580000, 0x00000000f0580000, 0x00000000f0630000)
 tenured generation   total 13964K, used 8377K [0x00000000f5550000, 0x00000000f62f3000, 0x0000000100000000)
   the space 13964K,  59% used [0x00000000f5550000, 0x00000000f5d7e710, 0x00000000f5d7e800, 0x00000000f62f3000)
 Metaspace       used 4541K, capacity 5152K, committed 5504K, reserved 1056768K
  class space    used 494K, capacity 528K, committed 640K, reserved 1048576K
Event: 1.121 GC heap after
Heap after GC invocations=5 (full 2):
 def new generation   total 6336K, used 103K [0x00000000f0000000, 0x00000000f06e0000, 0x00000000f5550000)
  eden space 5632K,   0% used [0x00000000f0000000, 0x00000000f0000000, 0x00000000f0580000)
  from space 704K,  14% used [0x00000000f0580000, 0x00000000f0599dc8, 0x00000000f0630000)
  to   space 704K,   0% used [0x00000000f0630000, 0x00000000f0630000, 0x00000000f06e0000)
 tenured generation   total 13964K, used 8377K [0x00000000f5550000, 0x00000000f62f3000, 0x0000000100000000)
   the space 13964K,  59% used [0x00000000f5550000, 0x00000000f5d7e710, 0x00000000f5d7e800, 0x00000000f62f3000)
 Metaspace       used 4541K, capacity 5152K, committed 5504K, reserved 1056768K
  class space    used 494K, capacity 528K, committed 640K, reserved 1048576K
}
Event: 1.275 GC heap before
{Heap before GC invocations=5 (full 2):
 def new generation   total 6336K, used 5735K [0x00000000f0000000, 0x00000000f06e0000, 0x00000000f5550000)
  eden space 5632K, 100% used [0x00000000f0000000, 0x00000000f0580000, 0x00000000f0580000)
  from space 704K,  14% used [0x00000000f0580000, 0x00000000f0599dc8, 0x00000000f0630000)
  to   space 704K,   0% used [0x00000000f0630000, 0x00000000f0630000, 0x00000000f06e0000)
 tenured generation   total 13964K, used 8377K [0x00000000f5550000, 0x00000000f62f3000, 0x0000000100000000)
   the space 13964K,  59% used [0x00000000f5550000, 0x00000000f5d7e710, 0x00000000f5d7e800, 0x00000000f62f3000)
 Metaspace       used 5282K, capacity 5696K, committed 6016K, reserved 1056768K
  class space    used 553K, capacity 560K, committed 640K, reserved 1048576K
Event: 1.278 GC heap after
Heap after GC invocations=6 (full 2):
 def new generation   total 6336K, used 522K [0x00000000f0000000, 0x00000000f06e0000, 0x00000000f5550000)
  eden space 5632K,   0% used [0x00000000f0000000, 0x00000000f0000000, 0x00000000f0580000)
  from space 704K,  74% used [0x00000000f0630000, 0x00000000f06b2a28, 0x00000000f06e0000)
  to   space 704K,   0% used [0x00000000f0580000, 0x00000000f0580000, 0x00000000f0630000)
 tenured generation   total 13964K, used 8377K [0x00000000f5550000, 0x00000000f62f3000, 0x0000000100000000)
   the space 13964K,  59% used [0x00000000f5550000, 0x00000000f5d7e710, 0x00000000f5d7e800, 0x00000000f62f3000)
 Metaspace       used 5282K, capacity 5696K, committed 6016K, reserved 1056768K
  class space    used 553K, capacity 560K, committed 640K, reserved 1048576K
}
Event: 1.572 GC heap before
{Heap before GC invocations=6 (full 2):
 def new generation   total 6336K, used 6154K [0x00000000f0000000, 0x00000000f06e0000, 0x00000000f5550000)
  eden space 5632K, 100% used [0x00000000f0000000, 0x00000000f0580000, 0x00000000f0580000)
  from space 704K,  74% used [0x00000000f0630000, 0x00000000f06b2a28, 0x00000000f06e0000)
  to   space 704K,   0% used [0x00000000f0580000, 0x00000000f0580000, 0x00000000f0630000)
 tenured generation   total 13964K, used 8377K [0x00000000f5550000, 0x00000000f62f3000, 0x0000000100000000)
   the space 13964K,  59% used [0x00000000f5550000, 0x00000000f5d7e710, 0x00000000f5d7e800, 0x00000000f62f3000)
 Metaspace       used 6282K, capacity 6400K, committed 6656K, reserved 1056768K
  class space    used 720K, capacity 752K, committed 768K, reserved 1048576K
Event: 1.575 GC heap after
Heap after GC invocations=7 (full 2):
 def new generation   total 6336K, used 703K [0x00000000f0000000, 0x00000000f06e0000, 0x00000000f5550000)
  eden space 5632K,   0% used [0x00000000f0000000, 0x00000000f0000000, 0x00000000f0580000)
  from space 704K,  99% used [0x00000000f0580000, 0x00000000f062fea8, 0x00000000f0630000)
  to   space 704K,   0% used [0x00000000f0630000, 0x00000000f0630000, 0x00000000f06e0000)
 tenured generation   total 13964K, used 8663K [0x00000000f5550000, 0x00000000f62f3000, 0x0000000100000000)
   the space 13964K,  62% used [0x00000000f5550000, 0x00000000f5dc5e40, 0x00000000f5dc6000, 0x00000000f62f3000)
 Metaspace       used 6282K, capacity 6400K, committed 6656K, reserved 1056768K
  class space    used 720K, capacity 752K, committed 768K, reserved 1048576K
}

