# JRE version: Java(TM) SE Runtime Environment (8.0_74-b02) (build 1.8.0_74-b02)
# Java VM: Java HotSpot(TM) 64-Bit Server VM (25.74-b02 mixed mode windows-amd64 compressed oops)
Heap:
 def new generation   total 6336K, used 2239K [0x00000000f0000000, 0x00000000f06d0000, 0x00000000f5550000)
  eden space 5696K,  28% used [0x00000000f0000000, 0x00000000f018fd80, 0x00000000f0590000)
  from space 640K,  99% used [0x00000000f0590000, 0x00000000f062fff0, 0x00000000f0630000)
  to   space 640K,   0% used [0x00000000f0630000, 0x00000000f0630000, 0x00000000f06d0000)
 tenured generation   total 13920K, used 11837K [0x00000000f5550000, 0x00000000f62e8000, 0x0000000100000000)
   the space 13920K,  85% used [0x00000000f5550000, 0x00000000f60df4c8, 0x00000000f60df600, 0x00000000f62e8000)
 Metaspace       used 14240K, capacity 14386K, committed 14592K, reserved 1062912K
  class space    used 1712K, capacity 1755K, committed 1792K, reserved 1048576K
GC Heap History (10 events):
Event: 2.456 GC heap before
{Heap before GC invocations=8 (full 2):
 def new generation   total 6336K, used 6335K [0x00000000f0000000, 0x00000000f06d0000, 0x00000000f5550000)
  eden space 5696K, 100% used [0x00000000f0000000, 0x00000000f0590000, 0x00000000f0590000)
  from space 640K,  99% used [0x00000000f0630000, 0x00000000f06cfff8, 0x00000000f06d0000)
  to   space 640K,   0% used [0x00000000f0590000, 0x00000000f0590000, 0x00000000f0630000)
 tenured generation   total 13920K, used 9140K [0x00000000f5550000, 0x00000000f62e8000, 0x0000000100000000)
   the space 13920K,  65% used [0x00000000f5550000, 0x00000000f5e3d3f0, 0x00000000f5e3d400, 0x00000000f62e8000)
 Metaspace       used 9515K, capacity 9622K, committed 9728K, reserved 1058816K
  class space    used 1189K, capacity 1201K, committed 1280K, reserved 1048576K
Event: 2.460 GC heap after
Heap after GC invocations=9 (full 2):
 def new generation   total 6336K, used 640K [0x00000000f0000000, 0x00000000f06d0000, 0x00000000f5550000)
  eden space 5696K,   0% used [0x00000000f0000000, 0x00000000f0000000, 0x00000000f0590000)
  from space 640K, 100% used [0x00000000f0590000, 0x00000000f0630000, 0x00000000f0630000)
  to   space 640K,   0% used [0x00000000f0630000, 0x00000000f0630000, 0x00000000f06d0000)
 tenured generation   total 13920K, used 9651K [0x00000000f5550000, 0x00000000f62e8000, 0x0000000100000000)
   the space 13920K,  69% used [0x00000000f5550000, 0x00000000f5ebce70, 0x00000000f5ebd000, 0x00000000f62e8000)
 Metaspace       used 9515K, capacity 9622K, committed 9728K, reserved 1058816K
  class space    used 1189K, capacity 1201K, committed 1280K, reserved 1048576K
}
Event: 2.676 GC heap before
{Heap before GC invocations=9 (full 2):
 def new generation   total 6336K, used 6336K [0x00000000f0000000, 0x00000000f06d0000, 0x00000000f5550000)
  eden space 5696K, 100% used [0x00000000f0000000, 0x00000000f0590000, 0x00000000f0590000)
  from space 640K, 100% used [0x00000000f0590000, 0x00000000f0630000, 0x00000000f0630000)
  to   space 640K,   0% used [0x00000000f0630000, 0x00000000f0630000, 0x00000000f06d0000)
 tenured generation   total 13920K, used 9651K [0x00000000f5550000, 0x00000000f62e8000, 0x0000000100000000)
   the space 13920K,  69% used [0x00000000f5550000, 0x00000000f5ebce70, 0x00000000f5ebd000, 0x00000000f62e8000)
 Metaspace       used 10541K, capacity 10646K, committed 10880K, reserved 1058816K
  class space    used 1287K, capacity 1329K, committed 1408K, reserved 1048576K
Event: 2.680 GC heap after
Heap after GC invocations=10 (full 2):
 def new generation   total 6336K, used 640K [0x00000000f0000000, 0x00000000f06d0000, 0x00000000f5550000)
  eden space 5696K,   0% used [0x00000000f0000000, 0x00000000f0000000, 0x00000000f0590000)
  from space 640K, 100% used [0x00000000f0630000, 0x00000000f06d0000, 0x00000000f06d0000)
  to   space 640K,   0% used [0x00000000f0590000, 0x00000000f0590000, 0x00000000f0630000)
 tenured generation   total 13920K, used 9947K [0x00000000f5550000, 0x00000000f62e8000, 0x0000000100000000)
   the space 13920K,  71% used [0x00000000f5550000, 0x00000000f5f06c28, 0x00000000f5f06e00, 0x00000000f62e8000)
 Metaspace       used 10541K, capacity 10646K, committed 10880K, reserved 1058816K
  class space    used 1287K, capacity 1329K, committed 1408K, reserved 1048576K
}
Event: 3.290 GC heap before
{Heap before GC invocations=10 (full 2):
 def new generation   total 6336K, used 6336K [0x00000000f0000000, 0x00000000f06d0000, 0x00000000f5550000)
  eden space 5696K, 100% used [0x00000000f0000000, 0x00000000f0590000, 0x00000000f0590000)
  from space 640K, 100% used [0x00000000f0630000, 0x00000000f06d0000, 0x00000000f06d0000)
  to   space 640K,   0% used [0x00000000f0590000, 0x00000000f0590000, 0x00000000f0630000)
 tenured generation   total 13920K, used 9947K [0x00000000f5550000, 0x00000000f62e8000, 0x0000000100000000)
   the space 13920K,  71% used [0x00000000f5550000, 0x00000000f5f06c28, 0x00000000f5f06e00, 0x00000000f62e8000)
 Metaspace       used 12270K, capacity 12342K, committed 12544K, reserved 1060864K
  class space    used 1472K, capacity 1489K, committed 1536K, reserved 1048576K
Event: 3.296 GC heap after
Heap after GC invocations=11 (full 2):
 def new generation   total 6336K, used 639K [0x00000000f0000000, 0x00000000f06d0000, 0x00000000f5550000)
  eden space 5696K,   0% used [0x00000000f0000000, 0x00000000f0000000, 0x00000000f0590000)
  from space 640K,  99% used [0x00000000f0590000, 0x00000000f062fff8, 0x00000000f0630000)
  to   space 640K,   0% used [0x00000000f0630000, 0x00000000f0630000, 0x00000000f06d0000)
 tenured generation   total 13920K, used 10791K [0x00000000f5550000, 0x00000000f62e8000, 0x0000000100000000)
   the space 13920K,  77% used [0x00000000f5550000, 0x00000000f5fd9c28, 0x00000000f5fd9e00, 0x00000000f62e8000)
 Metaspace       used 12270K, capacity 12342K, committed 12544K, reserved 1060864K
  class space    used 1472K, capacity 1489K, committed 1536K, reserved 1048576K
}
Event: 3.482 GC heap before
{Heap before GC invocations=11 (full 2):
 def new generation   total 6336K, used 6335K [0x00000000f0000000, 0x00000000f06d0000, 0x00000000f5550000)
  eden space 5696K, 100% used [0x00000000f0000000, 0x00000000f0590000, 0x00000000f0590000)
  from space 640K,  99% used [0x00000000f0590000, 0x00000000f062fff8, 0x00000000f0630000)
  to   space 640K,   0% used [0x00000000f0630000, 0x00000000f0630000, 0x00000000f06d0000)
 tenured generation   total 13920K, used 10791K [0x00000000f5550000, 0x00000000f62e8000, 0x0000000100000000)
   the space 13920K,  77% used [0x00000000f5550000, 0x00000000f5fd9c28, 0x00000000f5fd9e00, 0x00000000f62e8000)
 Metaspace       used 13275K, capacity 13346K, committed 13440K, reserved 1060864K
  class space    used 1610K, capacity 1651K, committed 1664K, reserved 1048576K
Event: 3.486 GC heap after
Heap after GC invocations=12 (full 2):
 def new generation   total 6336K, used 640K [0x00000000f0000000, 0x00000000f06d0000, 0x00000000f5550000)
  eden space 5696K,   0% used [0x00000000f0000000, 0x00000000f0000000, 0x00000000f0590000)
  from space 640K, 100% used [0x00000000f0630000, 0x00000000f06d0000, 0x00000000f06d0000)
  to   space 640K,   0% used [0x00000000f0590000, 0x00000000f0590000, 0x00000000f0630000)
 tenured generation   total 13920K, used 11501K [0x00000000f5550000, 0x00000000f62e8000, 0x0000000100000000)
   the space 13920K,  82% used [0x00000000f5550000, 0x00000000f608b498, 0x00000000f608b600, 0x00000000f62e8000)
 Metaspace       used 13275K, capacity 13346K, committed 13440K, reserved 1060864K
  class space    used 1610K, capacity 1651K, committed 1664K, reserved 1048576K
}
Event: 3.884 GC heap before
{Heap before GC invocations=12 (full 2):
 def new generation   total 6336K, used 6336K [0x00000000f0000000, 0x00000000f06d0000, 0x00000000f5550000)
  eden space 5696K, 100% used [0x00000000f0000000, 0x00000000f0590000, 0x00000000f0590000)
  from space 640K, 100% used [0x00000000f0630000, 0x00000000f06d0000, 0x00000000f06d0000)
  to   space 640K,   0% used [0x00000000f0590000, 0x00000000f0590000, 0x00000000f0630000)
 tenured generation   total 13920K, used 11501K [0x00000000f5550000, 0x00000000f62e8000, 0x0000000100000000)
   the space 13920K,  82% used [0x00000000f5550000, 0x00000000f608b498, 0x00000000f608b600, 0x00000000f62e8000)
 Metaspace       used 14019K, capacity 14106K, committed 14336K, reserved 1062912K
  class space    used 1709K, capacity 1751K, committed 1792K, reserved 1048576K
Event: 3.887 GC heap after
Heap after GC invocations=13 (full 2):
 def new generation   total 6336K, used 639K [0x00000000f0000000, 0x00000000f06d0000, 0x00000000f5550000)
  eden space 5696K,   0% used [0x00000000f0000000, 0x00000000f0000000, 0x00000000f0590000)
  from space 640K,  99% used [0x00000000f0590000, 0x00000000f062fff0, 0x00000000f0630000)
  to   space 640K,   0% used [0x00000000f0630000, 0x00000000f0630000, 0x00000000f06d0000)
 tenured generation   total 13920K, used 11837K [0x00000000f5550000, 0x00000000f62e8000, 0x0000000100000000)
   the space 13920K,  85% used [0x00000000f5550000, 0x00000000f60df4c8, 0x00000000f60df600, 0x00000000f62e8000)
 Metaspace       used 14019K, capacity 14106K, committed 14336K, reserved 1062912K
  class space    used 1709K, capacity 1751K, committed 1792K, reserved 1048576K
}

