# JRE version: Java(TM) SE Runtime Environment (8.0_74-b02) (build 1.8.0_74-b02)
# Java VM: Java HotSpot(TM) 64-Bit Server VM (25.74-b02 mixed mode windows-amd64 compressed oops)
Heap:
 def new generation   total 6336K, used 4332K [0x00000000f0000000, 0x00000000f06d0000, 0x00000000f5550000)
  eden space 5696K,  66% used [0x00000000f0000000, 0x00000000f03b0318, 0x00000000f0590000)
  from space 640K,  86% used [0x00000000f0590000, 0x00000000f061ad70, 0x00000000f0630000)
  to   space 640K,   0% used [0x00000000f0630000, 0x00000000f0630000, 0x00000000f06d0000)
 tenured generation   total 13920K, used 13836K [0x00000000f5550000, 0x00000000f62e8000, 0x0000000100000000)
   the space 13920K,  99% used [0x00000000f5550000, 0x00000000f62d3178, 0x00000000f62d3200, 0x00000000f62e8000)
 Metaspace       used 17329K, capacity 17516K, committed 17792K, reserved 1064960K
  class space    used 2042K, capacity 2110K, committed 2176K, reserved 1048576K
GC Heap History (10 events):
Event: 5.661 GC heap before
{Heap before GC invocations=12 (full 2):
 def new generation   total 6336K, used 6335K [0x00000000f0000000, 0x00000000f06d0000, 0x00000000f5550000)
  eden space 5696K, 100% used [0x00000000f0000000, 0x00000000f0590000, 0x00000000f0590000)
  from space 640K,  99% used [0x00000000f0630000, 0x00000000f06cfff8, 0x00000000f06d0000)
  to   space 640K,   0% used [0x00000000f0590000, 0x00000000f0590000, 0x00000000f0630000)
 tenured generation   total 13920K, used 11499K [0x00000000f5550000, 0x00000000f62e8000, 0x0000000100000000)
   the space 13920K,  82% used [0x00000000f5550000, 0x00000000f608afe8, 0x00000000f608b000, 0x00000000f62e8000)
 Metaspace       used 14014K, capacity 14106K, committed 14336K, reserved 1062912K
  class space    used 1709K, capacity 1751K, committed 1792K, reserved 1048576K
Event: 5.665 GC heap after
Heap after GC invocations=13 (full 2):
 def new generation   total 6336K, used 639K [0x00000000f0000000, 0x00000000f06d0000, 0x00000000f5550000)
  eden space 5696K,   0% used [0x00000000f0000000, 0x00000000f0000000, 0x00000000f0590000)
  from space 640K,  99% used [0x00000000f0590000, 0x00000000f062fff8, 0x00000000f0630000)
  to   space 640K,   0% used [0x00000000f0630000, 0x00000000f0630000, 0x00000000f06d0000)
 tenured generation   total 13920K, used 11828K [0x00000000f5550000, 0x00000000f62e8000, 0x0000000100000000)
   the space 13920K,  84% used [0x00000000f5550000, 0x00000000f60dd258, 0x00000000f60dd400, 0x00000000f62e8000)
 Metaspace       used 14014K, capacity 14106K, committed 14336K, reserved 1062912K
  class space    used 1709K, capacity 1751K, committed 1792K, reserved 1048576K
}
Event: 6.203 GC heap before
{Heap before GC invocations=13 (full 2):
 def new generation   total 6336K, used 6335K [0x00000000f0000000, 0x00000000f06d0000, 0x00000000f5550000)
  eden space 5696K, 100% used [0x00000000f0000000, 0x00000000f0590000, 0x00000000f0590000)
  from space 640K,  99% used [0x00000000f0590000, 0x00000000f062fff8, 0x00000000f0630000)
  to   space 640K,   0% used [0x00000000f0630000, 0x00000000f0630000, 0x00000000f06d0000)
 tenured generation   total 13920K, used 11828K [0x00000000f5550000, 0x00000000f62e8000, 0x0000000100000000)
   the space 13920K,  84% used [0x00000000f5550000, 0x00000000f60dd258, 0x00000000f60dd400, 0x00000000f62e8000)
 Metaspace       used 14720K, capacity 14808K, committed 14848K, reserved 1062912K
  class space    used 1762K, capacity 1788K, committed 1792K, reserved 1048576K
Event: 6.211 GC heap after
Heap after GC invocations=14 (full 2):
 def new generation   total 6336K, used 640K [0x00000000f0000000, 0x00000000f06d0000, 0x00000000f5550000)
  eden space 5696K,   0% used [0x00000000f0000000, 0x00000000f0000000, 0x00000000f0590000)
  from space 640K, 100% used [0x00000000f0630000, 0x00000000f06d0000, 0x00000000f06d0000)
  to   space 640K,   0% used [0x00000000f0590000, 0x00000000f0590000, 0x00000000f0630000)
 tenured generation   total 13920K, used 12519K [0x00000000f5550000, 0x00000000f62e8000, 0x0000000100000000)
   the space 13920K,  89% used [0x00000000f5550000, 0x00000000f6189c30, 0x00000000f6189e00, 0x00000000f62e8000)
 Metaspace       used 14720K, capacity 14808K, committed 14848K, reserved 1062912K
  class space    used 1762K, capacity 1788K, committed 1792K, reserved 1048576K
}
Event: 6.429 GC heap before
{Heap before GC invocations=14 (full 2):
 def new generation   total 6336K, used 6336K [0x00000000f0000000, 0x00000000f06d0000, 0x00000000f5550000)
  eden space 5696K, 100% used [0x00000000f0000000, 0x00000000f0590000, 0x00000000f0590000)
  from space 640K, 100% used [0x00000000f0630000, 0x00000000f06d0000, 0x00000000f06d0000)
  to   space 640K,   0% used [0x00000000f0590000, 0x00000000f0590000, 0x00000000f0630000)
 tenured generation   total 13920K, used 12519K [0x00000000f5550000, 0x00000000f62e8000, 0x0000000100000000)
   the space 13920K,  89% used [0x00000000f5550000, 0x00000000f6189c30, 0x00000000f6189e00, 0x00000000f62e8000)
 Metaspace       used 15470K, capacity 15614K, committed 15744K, reserved 1062912K
  class space    used 1868K, capacity 1885K, committed 1920K, reserved 1048576K
Event: 6.436 GC heap after
Heap after GC invocations=15 (full 2):
 def new generation   total 6336K, used 639K [0x00000000f0000000, 0x00000000f06d0000, 0x00000000f5550000)
  eden space 5696K,   0% used [0x00000000f0000000, 0x00000000f0000000, 0x00000000f0590000)
  from space 640K,  99% used [0x00000000f0590000, 0x00000000f062fff8, 0x00000000f0630000)
  to   space 640K,   0% used [0x00000000f0630000, 0x00000000f0630000, 0x00000000f06d0000)
 tenured generation   total 13920K, used 13189K [0x00000000f5550000, 0x00000000f62e8000, 0x0000000100000000)
   the space 13920K,  94% used [0x00000000f5550000, 0x00000000f6231620, 0x00000000f6231800, 0x00000000f62e8000)
 Metaspace       used 15470K, capacity 15614K, committed 15744K, reserved 1062912K
  class space    used 1868K, capacity 1885K, committed 1920K, reserved 1048576K
}
Event: 6.849 GC heap before
{Heap before GC invocations=15 (full 2):
 def new generation   total 6336K, used 6335K [0x00000000f0000000, 0x00000000f06d0000, 0x00000000f5550000)
  eden space 5696K, 100% used [0x00000000f0000000, 0x00000000f0590000, 0x00000000f0590000)
  from space 640K,  99% used [0x00000000f0590000, 0x00000000f062fff8, 0x00000000f0630000)
  to   space 640K,   0% used [0x00000000f0630000, 0x00000000f0630000, 0x00000000f06d0000)
 tenured generation   total 13920K, used 13189K [0x00000000f5550000, 0x00000000f62e8000, 0x0000000100000000)
   the space 13920K,  94% used [0x00000000f5550000, 0x00000000f6231620, 0x00000000f6231800, 0x00000000f62e8000)
 Metaspace       used 16812K, capacity 16986K, committed 17280K, reserved 1064960K
  class space    used 2016K, capacity 2107K, committed 2176K, reserved 1048576K
Event: 6.856 GC heap after
Heap after GC invocations=16 (full 2):
 def new generation   total 6336K, used 639K [0x00000000f0000000, 0x00000000f06d0000, 0x00000000f5550000)
  eden space 5696K,   0% used [0x00000000f0000000, 0x00000000f0000000, 0x00000000f0590000)
  from space 640K,  99% used [0x00000000f0630000, 0x00000000f06cfff0, 0x00000000f06d0000)
  to   space 640K,   0% used [0x00000000f0590000, 0x00000000f0590000, 0x00000000f0630000)
 tenured generation   total 13920K, used 13524K [0x00000000f5550000, 0x00000000f62e8000, 0x0000000100000000)
   the space 13920K,  97% used [0x00000000f5550000, 0x00000000f6285318, 0x00000000f6285400, 0x00000000f62e8000)
 Metaspace       used 16812K, capacity 16986K, committed 17280K, reserved 1064960K
  class space    used 2016K, capacity 2107K, committed 2176K, reserved 1048576K
}
Event: 7.142 GC heap before
{Heap before GC invocations=16 (full 2):
 def new generation   total 6336K, used 6335K [0x00000000f0000000, 0x00000000f06d0000, 0x00000000f5550000)
  eden space 5696K, 100% used [0x00000000f0000000, 0x00000000f0590000, 0x00000000f0590000)
  from space 640K,  99% used [0x00000000f0630000, 0x00000000f06cfff0, 0x00000000f06d0000)
  to   space 640K,   0% used [0x00000000f0590000, 0x00000000f0590000, 0x00000000f0630000)
 tenured generation   total 13920K, used 13524K [0x00000000f5550000, 0x00000000f62e8000, 0x0000000100000000)
   the space 13920K,  97% used [0x00000000f5550000, 0x00000000f6285318, 0x00000000f6285400, 0x00000000f62e8000)
 Metaspace       used 17122K, capacity 17324K, committed 17536K, reserved 1064960K
  class space    used 2031K, capacity 2110K, committed 2176K, reserved 1048576K
Event: 7.148 GC heap after
Heap after GC invocations=17 (full 2):
 def new generation   total 6336K, used 555K [0x00000000f0000000, 0x00000000f06d0000, 0x00000000f5550000)
  eden space 5696K,   0% used [0x00000000f0000000, 0x00000000f0000000, 0x00000000f0590000)
  from space 640K,  86% used [0x00000000f0590000, 0x00000000f061ad70, 0x00000000f0630000)
  to   space 640K,   0% used [0x00000000f0630000, 0x00000000f0630000, 0x00000000f06d0000)
 tenured generation   total 13920K, used 13836K [0x00000000f5550000, 0x00000000f62e8000, 0x0000000100000000)
   the space 13920K,  99% used [0x00000000f5550000, 0x00000000f62d3178, 0x00000000f62d3200, 0x00000000f62e8000)
 Metaspace       used 17122K, capacity 17324K, committed 17536K, reserved 1064960K
  class space    used 2031K, capacity 2110K, committed 2176K, reserved 1048576K
}

