# JRE version: Java(TM) SE Runtime Environment (8.0_74-b02) (build 1.8.0_74-b02)
# Java VM: Java HotSpot(TM) 64-Bit Server VM (25.74-b02 mixed mode windows-amd64 compressed oops)
Heap:
 def new generation   total 6464K, used 3792K [0x00000000f0000000, 0x00000000f0700000, 0x00000000f5550000)
  eden space 5760K,  53% used [0x00000000f0000000, 0x00000000f0304328, 0x00000000f05a0000)
  from space 704K,  99% used [0x00000000f0650000, 0x00000000f06ffec8, 0x00000000f0700000)
  to   space 704K,   0% used [0x00000000f05a0000, 0x00000000f05a0000, 0x00000000f0650000)
 tenured generation   total 14200K, used 12168K [0x00000000f5550000, 0x00000000f632e000, 0x0000000100000000)
   the space 14200K,  85% used [0x00000000f5550000, 0x00000000f61322d0, 0x00000000f6132400, 0x00000000f632e000)
 Metaspace       used 15748K, capacity 15920K, committed 16128K, reserved 1062912K
  class space    used 1917K, capacity 1980K, committed 2048K, reserved 1048576K
GC Heap History (10 events):
Event: 4.454 GC heap before
{Heap before GC invocations=9 (full 2):
 def new generation   total 6464K, used 6464K [0x00000000f0000000, 0x00000000f0700000, 0x00000000f5550000)
  eden space 5760K, 100% used [0x00000000f0000000, 0x00000000f05a0000, 0x00000000f05a0000)
  from space 704K, 100% used [0x00000000f05a0000, 0x00000000f0650000, 0x00000000f0650000)
  to   space 704K,   0% used [0x00000000f0650000, 0x00000000f0650000, 0x00000000f0700000)
 tenured generation   total 14200K, used 9800K [0x00000000f5550000, 0x00000000f632e000, 0x0000000100000000)
   the space 14200K,  69% used [0x00000000f5550000, 0x00000000f5ee20a8, 0x00000000f5ee2200, 0x00000000f632e000)
 Metaspace       used 10736K, capacity 10838K, committed 11136K, reserved 1058816K
  class space    used 1297K, capacity 1329K, committed 1408K, reserved 1048576K
Event: 4.458 GC heap after
Heap after GC invocations=10 (full 2):
 def new generation   total 6464K, used 703K [0x00000000f0000000, 0x00000000f0700000, 0x00000000f5550000)
  eden space 5760K,   0% used [0x00000000f0000000, 0x00000000f0000000, 0x00000000f05a0000)
  from space 704K,  99% used [0x00000000f0650000, 0x00000000f06ffff0, 0x00000000f0700000)
  to   space 704K,   0% used [0x00000000f05a0000, 0x00000000f05a0000, 0x00000000f0650000)
 tenured generation   total 14200K, used 10150K [0x00000000f5550000, 0x00000000f632e000, 0x0000000100000000)
   the space 14200K,  71% used [0x00000000f5550000, 0x00000000f5f39bf0, 0x00000000f5f39c00, 0x00000000f632e000)
 Metaspace       used 10736K, capacity 10838K, committed 11136K, reserved 1058816K
  class space    used 1297K, capacity 1329K, committed 1408K, reserved 1048576K
}
Event: 5.210 GC heap before
{Heap before GC invocations=10 (full 2):
 def new generation   total 6464K, used 6437K [0x00000000f0000000, 0x00000000f0700000, 0x00000000f5550000)
  eden space 5760K,  99% used [0x00000000f0000000, 0x00000000f05995e8, 0x00000000f05a0000)
  from space 704K,  99% used [0x00000000f0650000, 0x00000000f06ffff0, 0x00000000f0700000)
  to   space 704K,   0% used [0x00000000f05a0000, 0x00000000f05a0000, 0x00000000f0650000)
 tenured generation   total 14200K, used 10150K [0x00000000f5550000, 0x00000000f632e000, 0x0000000100000000)
   the space 14200K,  71% used [0x00000000f5550000, 0x00000000f5f39bf0, 0x00000000f5f39c00, 0x00000000f632e000)
 Metaspace       used 12297K, capacity 12438K, committed 12544K, reserved 1060864K
  class space    used 1469K, capacity 1521K, committed 1536K, reserved 1048576K
Event: 5.217 GC heap after
Heap after GC invocations=11 (full 2):
 def new generation   total 6464K, used 704K [0x00000000f0000000, 0x00000000f0700000, 0x00000000f5550000)
  eden space 5760K,   0% used [0x00000000f0000000, 0x00000000f0000000, 0x00000000f05a0000)
  from space 704K, 100% used [0x00000000f05a0000, 0x00000000f0650000, 0x00000000f0650000)
  to   space 704K,   0% used [0x00000000f0650000, 0x00000000f0650000, 0x00000000f0700000)
 tenured generation   total 14200K, used 10961K [0x00000000f5550000, 0x00000000f632e000, 0x0000000100000000)
   the space 14200K,  77% used [0x00000000f5550000, 0x00000000f6004688, 0x00000000f6004800, 0x00000000f632e000)
 Metaspace       used 12297K, capacity 12438K, committed 12544K, reserved 1060864K
  class space    used 1469K, capacity 1521K, committed 1536K, reserved 1048576K
}
Event: 5.577 GC heap before
{Heap before GC invocations=11 (full 2):
 def new generation   total 6464K, used 6464K [0x00000000f0000000, 0x00000000f0700000, 0x00000000f5550000)
  eden space 5760K, 100% used [0x00000000f0000000, 0x00000000f05a0000, 0x00000000f05a0000)
  from space 704K, 100% used [0x00000000f05a0000, 0x00000000f0650000, 0x00000000f0650000)
  to   space 704K,   0% used [0x00000000f0650000, 0x00000000f0650000, 0x00000000f0700000)
 tenured generation   total 14200K, used 10961K [0x00000000f5550000, 0x00000000f632e000, 0x0000000100000000)
   the space 14200K,  77% used [0x00000000f5550000, 0x00000000f6004688, 0x00000000f6004800, 0x00000000f632e000)
 Metaspace       used 13342K, capacity 13410K, committed 13440K, reserved 1060864K
  class space    used 1621K, capacity 1651K, committed 1664K, reserved 1048576K
Event: 5.582 GC heap after
Heap after GC invocations=12 (full 2):
 def new generation   total 6464K, used 690K [0x00000000f0000000, 0x00000000f0700000, 0x00000000f5550000)
  eden space 5760K,   0% used [0x00000000f0000000, 0x00000000f0000000, 0x00000000f05a0000)
  from space 704K,  98% used [0x00000000f0650000, 0x00000000f06fc9e8, 0x00000000f0700000)
  to   space 704K,   0% used [0x00000000f05a0000, 0x00000000f05a0000, 0x00000000f0650000)
 tenured generation   total 14200K, used 11519K [0x00000000f5550000, 0x00000000f632e000, 0x0000000100000000)
   the space 14200K,  81% used [0x00000000f5550000, 0x00000000f608fed8, 0x00000000f6090000, 0x00000000f632e000)
 Metaspace       used 13342K, capacity 13410K, committed 13440K, reserved 1060864K
  class space    used 1621K, capacity 1651K, committed 1664K, reserved 1048576K
}
Event: 6.109 GC heap before
{Heap before GC invocations=12 (full 2):
 def new generation   total 6464K, used 6450K [0x00000000f0000000, 0x00000000f0700000, 0x00000000f5550000)
  eden space 5760K, 100% used [0x00000000f0000000, 0x00000000f05a0000, 0x00000000f05a0000)
  from space 704K,  98% used [0x00000000f0650000, 0x00000000f06fc9e8, 0x00000000f0700000)
  to   space 704K,   0% used [0x00000000f05a0000, 0x00000000f05a0000, 0x00000000f0650000)
 tenured generation   total 14200K, used 11519K [0x00000000f5550000, 0x00000000f632e000, 0x0000000100000000)
   the space 14200K,  81% used [0x00000000f5550000, 0x00000000f608fed8, 0x00000000f6090000, 0x00000000f632e000)
 Metaspace       used 14109K, capacity 14252K, committed 14592K, reserved 1062912K
  class space    used 1711K, capacity 1754K, committed 1792K, reserved 1048576K
Event: 6.114 GC heap after
Heap after GC invocations=13 (full 2):
 def new generation   total 6464K, used 704K [0x00000000f0000000, 0x00000000f0700000, 0x00000000f5550000)
  eden space 5760K,   0% used [0x00000000f0000000, 0x00000000f0000000, 0x00000000f05a0000)
  from space 704K, 100% used [0x00000000f05a0000, 0x00000000f0650000, 0x00000000f0650000)
  to   space 704K,   0% used [0x00000000f0650000, 0x00000000f0650000, 0x00000000f0700000)
 tenured generation   total 14200K, used 11728K [0x00000000f5550000, 0x00000000f632e000, 0x0000000100000000)
   the space 14200K,  82% used [0x00000000f5550000, 0x00000000f60c4188, 0x00000000f60c4200, 0x00000000f632e000)
 Metaspace       used 14109K, capacity 14252K, committed 14592K, reserved 1062912K
  class space    used 1711K, capacity 1754K, committed 1792K, reserved 1048576K
}
Event: 6.390 GC heap before
{Heap before GC invocations=13 (full 2):
 def new generation   total 6464K, used 6464K [0x00000000f0000000, 0x00000000f0700000, 0x00000000f5550000)
  eden space 5760K, 100% used [0x00000000f0000000, 0x00000000f05a0000, 0x00000000f05a0000)
  from space 704K, 100% used [0x00000000f05a0000, 0x00000000f0650000, 0x00000000f0650000)
  to   space 704K,   0% used [0x00000000f0650000, 0x00000000f0650000, 0x00000000f0700000)
 tenured generation   total 14200K, used 11728K [0x00000000f5550000, 0x00000000f632e000, 0x0000000100000000)
   the space 14200K,  82% used [0x00000000f5550000, 0x00000000f60c4188, 0x00000000f60c4200, 0x00000000f632e000)
 Metaspace       used 14890K, capacity 14988K, committed 15232K, reserved 1062912K
  class space    used 1811K, capacity 1850K, committed 1920K, reserved 1048576K
Event: 6.396 GC heap after
Heap after GC invocations=14 (full 2):
 def new generation   total 6464K, used 703K [0x00000000f0000000, 0x00000000f0700000, 0x00000000f5550000)
  eden space 5760K,   0% used [0x00000000f0000000, 0x00000000f0000000, 0x00000000f05a0000)
  from space 704K,  99% used [0x00000000f0650000, 0x00000000f06ffec8, 0x00000000f0700000)
  to   space 704K,   0% used [0x00000000f05a0000, 0x00000000f05a0000, 0x00000000f0650000)
 tenured generation   total 14200K, used 12168K [0x00000000f5550000, 0x00000000f632e000, 0x0000000100000000)
   the space 14200K,  85% used [0x00000000f5550000, 0x00000000f61322d0, 0x00000000f6132400, 0x00000000f632e000)
 Metaspace       used 14890K, capacity 14988K, committed 15232K, reserved 1062912K
  class space    used 1811K, capacity 1850K, committed 1920K, reserved 1048576K
}

