# JRE version: Java(TM) SE Runtime Environment (8.0_74-b02) (build 1.8.0_74-b02)
# Java VM: Java HotSpot(TM) 64-Bit Server VM (25.74-b02 mixed mode windows-amd64 compressed oops)
Heap:
 def new generation   total 6464K, used 1506K [0x00000000f0000000, 0x00000000f0700000, 0x00000000f5550000)
  eden space 5760K,  16% used [0x00000000f0000000, 0x00000000f00e8870, 0x00000000f05a0000)
  from space 704K,  81% used [0x00000000f0650000, 0x00000000f06e0220, 0x00000000f0700000)
  to   space 704K,   0% used [0x00000000f05a0000, 0x00000000f05a0000, 0x00000000f0650000)
 tenured generation   total 14204K, used 8520K [0x00000000f5550000, 0x00000000f632f000, 0x0000000100000000)
   the space 14204K,  59% used [0x00000000f5550000, 0x00000000f5da20e0, 0x00000000f5da2200, 0x00000000f632f000)
 Metaspace       used 5558K, capacity 5888K, committed 6016K, reserved 1056768K
  class space    used 601K, capacity 624K, committed 640K, reserved 1048576K
GC Heap History (10 events):
Event: 1.359 GC heap before
{Heap before GC invocations=1 (full 1):
 def new generation   total 5184K, used 4672K [0x00000000f0000000, 0x00000000f0590000, 0x00000000f5550000)
  eden space 4672K, 100% used [0x00000000f0000000, 0x00000000f0490000, 0x00000000f0490000)
  from space 512K,   0% used [0x00000000f0490000, 0x00000000f0490000, 0x00000000f0510000)
  to   space 512K,   0% used [0x00000000f0510000, 0x00000000f0510000, 0x00000000f0590000)
 tenured generation   total 11292K, used 6773K [0x00000000f5550000, 0x00000000f6057000, 0x0000000100000000)
   the space 11292K,  59% used [0x00000000f5550000, 0x00000000f5bed6a8, 0x00000000f5bed800, 0x00000000f6057000)
 Metaspace       used 4108K, capacity 4832K, committed 5120K, reserved 1056768K
  class space    used 442K, capacity 464K, committed 512K, reserved 1048576K
Event: 1.363 GC heap after
Heap after GC invocations=2 (full 1):
 def new generation   total 5184K, used 512K [0x00000000f0000000, 0x00000000f0590000, 0x00000000f5550000)
  eden space 4672K,   0% used [0x00000000f0000000, 0x00000000f0000000, 0x00000000f0490000)
  from space 512K, 100% used [0x00000000f0510000, 0x00000000f0590000, 0x00000000f0590000)
  to   space 512K,   0% used [0x00000000f0490000, 0x00000000f0490000, 0x00000000f0510000)
 tenured generation   total 11292K, used 8459K [0x00000000f5550000, 0x00000000f6057000, 0x0000000100000000)
   the space 11292K,  74% used [0x00000000f5550000, 0x00000000f5d92ed8, 0x00000000f5d93000, 0x00000000f6057000)
 Metaspace       used 4108K, capacity 4832K, committed 5120K, reserved 1056768K
  class space    used 442K, capacity 464K, committed 512K, reserved 1048576K
}
Event: 1.520 GC heap before
{Heap before GC invocations=2 (full 1):
 def new generation   total 5184K, used 4588K [0x00000000f0000000, 0x00000000f0590000, 0x00000000f5550000)
  eden space 4672K,  87% used [0x00000000f0000000, 0x00000000f03fb390, 0x00000000f0490000)
  from space 512K, 100% used [0x00000000f0510000, 0x00000000f0590000, 0x00000000f0590000)
  to   space 512K,   0% used [0x00000000f0490000, 0x00000000f0490000, 0x00000000f0510000)
 tenured generation   total 11292K, used 8459K [0x00000000f5550000, 0x00000000f6057000, 0x0000000100000000)
   the space 11292K,  74% used [0x00000000f5550000, 0x00000000f5d92ed8, 0x00000000f5d93000, 0x00000000f6057000)
 Metaspace       used 4395K, capacity 5120K, committed 5376K, reserved 1056768K
  class space    used 477K, capacity 496K, committed 512K, reserved 1048576K
Event: 1.528 GC heap after
Heap after GC invocations=3 (full 2):
 def new generation   total 6464K, used 0K [0x00000000f0000000, 0x00000000f0700000, 0x00000000f5550000)
  eden space 5760K,   0% used [0x00000000f0000000, 0x00000000f0000000, 0x00000000f05a0000)
  from space 704K,   0% used [0x00000000f05a0000, 0x00000000f05a0000, 0x00000000f0650000)
  to   space 704K,   0% used [0x00000000f0650000, 0x00000000f0650000, 0x00000000f0700000)
 tenured generation   total 14204K, used 8520K [0x00000000f5550000, 0x00000000f632f000, 0x0000000100000000)
   the space 14204K,  59% used [0x00000000f5550000, 0x00000000f5da20e0, 0x00000000f5da2200, 0x00000000f632f000)
 Metaspace       used 4395K, capacity 5120K, committed 5376K, reserved 1056768K
  class space    used 477K, capacity 496K, committed 512K, reserved 1048576K
}
Event: 1.579 GC heap before
{Heap before GC invocations=3 (full 2):
 def new generation   total 6464K, used 5751K [0x00000000f0000000, 0x00000000f0700000, 0x00000000f5550000)
  eden space 5760K,  99% used [0x00000000f0000000, 0x00000000f059de40, 0x00000000f05a0000)
  from space 704K,   0% used [0x00000000f05a0000, 0x00000000f05a0000, 0x00000000f0650000)
  to   space 704K,   0% used [0x00000000f0650000, 0x00000000f0650000, 0x00000000f0700000)
 tenured generation   total 14204K, used 8520K [0x00000000f5550000, 0x00000000f632f000, 0x0000000100000000)
   the space 14204K,  59% used [0x00000000f5550000, 0x00000000f5da20e0, 0x00000000f5da2200, 0x00000000f632f000)
 Metaspace       used 4569K, capacity 5152K, committed 5504K, reserved 1056768K
  class space    used 499K, capacity 528K, committed 640K, reserved 1048576K
Event: 1.581 GC heap after
Heap after GC invocations=4 (full 2):
 def new generation   total 6464K, used 141K [0x00000000f0000000, 0x00000000f0700000, 0x00000000f5550000)
  eden space 5760K,   0% used [0x00000000f0000000, 0x00000000f0000000, 0x00000000f05a0000)
  from space 704K,  20% used [0x00000000f0650000, 0x00000000f06737e8, 0x00000000f0700000)
  to   space 704K,   0% used [0x00000000f05a0000, 0x00000000f05a0000, 0x00000000f0650000)
 tenured generation   total 14204K, used 8520K [0x00000000f5550000, 0x00000000f632f000, 0x0000000100000000)
   the space 14204K,  59% used [0x00000000f5550000, 0x00000000f5da20e0, 0x00000000f5da2200, 0x00000000f632f000)
 Metaspace       used 4569K, capacity 5152K, committed 5504K, reserved 1056768K
  class space    used 499K, capacity 528K, committed 640K, reserved 1048576K
}
Event: 1.583 GC heap before
{Heap before GC invocations=4 (full 2):
 def new generation   total 6464K, used 5877K [0x00000000f0000000, 0x00000000f0700000, 0x00000000f5550000)
  eden space 5760K,  99% used [0x00000000f0000000, 0x00000000f0599fc8, 0x00000000f05a0000)
  from space 704K,  20% used [0x00000000f0650000, 0x00000000f06737e8, 0x00000000f0700000)
  to   space 704K,   0% used [0x00000000f05a0000, 0x00000000f05a0000, 0x00000000f0650000)
 tenured generation   total 14204K, used 8520K [0x00000000f5550000, 0x00000000f632f000, 0x0000000100000000)
   the space 14204K,  59% used [0x00000000f5550000, 0x00000000f5da20e0, 0x00000000f5da2200, 0x00000000f632f000)
 Metaspace       used 4569K, capacity 5152K, committed 5504K, reserved 1056768K
  class space    used 499K, capacity 528K, committed 640K, reserved 1048576K
Event: 1.584 GC heap after
Heap after GC invocations=5 (full 2):
 def new generation   total 6464K, used 104K [0x00000000f0000000, 0x00000000f0700000, 0x00000000f5550000)
  eden space 5760K,   0% used [0x00000000f0000000, 0x00000000f0000000, 0x00000000f05a0000)
  from space 704K,  14% used [0x00000000f05a0000, 0x00000000f05ba2a0, 0x00000000f0650000)
  to   space 704K,   0% used [0x00000000f0650000, 0x00000000f0650000, 0x00000000f0700000)
 tenured generation   total 14204K, used 8520K [0x00000000f5550000, 0x00000000f632f000, 0x0000000100000000)
   the space 14204K,  59% used [0x00000000f5550000, 0x00000000f5da20e0, 0x00000000f5da2200, 0x00000000f632f000)
 Metaspace       used 4569K, capacity 5152K, committed 5504K, reserved 1056768K
  class space    used 499K, capacity 528K, committed 640K, reserved 1048576K
}
Event: 1.807 GC heap before
{Heap before GC invocations=5 (full 2):
 def new generation   total 6464K, used 5864K [0x00000000f0000000, 0x00000000f0700000, 0x00000000f5550000)
  eden space 5760K, 100% used [0x00000000f0000000, 0x00000000f05a0000, 0x00000000f05a0000)
  from space 704K,  14% used [0x00000000f05a0000, 0x00000000f05ba2a0, 0x00000000f0650000)
  to   space 704K,   0% used [0x00000000f0650000, 0x00000000f0650000, 0x00000000f0700000)
 tenured generation   total 14204K, used 8520K [0x00000000f5550000, 0x00000000f632f000, 0x0000000100000000)
   the space 14204K,  59% used [0x00000000f5550000, 0x00000000f5da20e0, 0x00000000f5da2200, 0x00000000f632f000)
 Metaspace       used 5448K, capacity 5760K, committed 6016K, reserved 1056768K
  class space    used 580K, capacity 624K, committed 640K, reserved 1048576K
Event: 1.808 GC heap after
Heap after GC invocations=6 (full 2):
 def new generation   total 6464K, used 576K [0x00000000f0000000, 0x00000000f0700000, 0x00000000f5550000)
  eden space 5760K,   0% used [0x00000000f0000000, 0x00000000f0000000, 0x00000000f05a0000)
  from space 704K,  81% used [0x00000000f0650000, 0x00000000f06e0220, 0x00000000f0700000)
  to   space 704K,   0% used [0x00000000f05a0000, 0x00000000f05a0000, 0x00000000f0650000)
 tenured generation   total 14204K, used 8520K [0x00000000f5550000, 0x00000000f632f000, 0x0000000100000000)
   the space 14204K,  59% used [0x00000000f5550000, 0x00000000f5da20e0, 0x00000000f5da2200, 0x00000000f632f000)
 Metaspace       used 5448K, capacity 5760K, committed 6016K, reserved 1056768K
  class space    used 580K, capacity 624K, committed 640K, reserved 1048576K
}

